Testing new vendored packages in WASM environment
============================================================

============================================================
Testing python-dateutil
============================================================
2025-11-23 12:08:58 [info     ] execution.start                event_type=execution.start fuel_budget=2000000000 guest_data_path=None guest_mount_path=/app inject_setup=True log_message=sandbox.execution.start memory_bytes=128000000 mount_data_dir=None policy={'fuel_budget': 2000000000, 'memory_bytes': 128000000, 'stdout_max_bytes': 2000000, 'stderr_max_bytes': 1000000, 'guest_mount_path': '/app', 'mount_data_dir': None, 'guest_data_path': None, 'preserve_logs': False} preserve_logs=False runtime=python session_id=bec72074-40c7-4d3b-a72a-ac6db3875108 stderr_max_bytes=1000000 stdout_max_bytes=2000000
2025-11-23 12:09:00 [info     ] session.metadata.updated       event_type=session.metadata.updated log_message=sandbox.session.metadata.updated session_id=bec72074-40c7-4d3b-a72a-ac6db3875108
2025-11-23 12:09:00 [info     ] execution.complete             duration_ms=1574.5998000493273 event_type=execution.complete exit_code=0 files_created_count=13 files_created_paths=['site-packages\\__pycache__\\six.cpython-312.pyc', 'site-packages\\dateutil\\__pycache__\\__init__.cpython-312.pyc', 'site-packages\\dateutil\\__pycache__\\_common.cpython-312.pyc', 'site-packages\\dateutil\\__pycache__\\_version.cpython-312.pyc', 'site-packages\\dateutil\\__pycache__\\relativedelta.cpython-312.pyc', 'site-packages\\dateutil\\parser\\__pycache__\\__init__.cpython-312.pyc', 'site-packages\\dateutil\\parser\\__pycache__\\_parser.cpython-312.pyc', 'site-packages\\dateutil\\parser\\__pycache__\\isoparser.cpython-312.pyc', 'site-packages\\dateutil\\tz\\__pycache__\\__init__.cpython-312.pyc', 'site-packages\\dateutil\\tz\\__pycache__\\_common.cpython-312.pyc', 'site-packages\\dateutil\\tz\\__pycache__\\_factories.cpython-312.pyc', 'site-packages\\dateutil\\tz\\__pycache__\\tz.cpython-312.pyc', 'site-packages\\dateutil\\tz\\__pycache__\\win.cpython-312.pyc'] files_modified_count=0 files_modified_paths=[] fuel_consumed=1617047365 log_message=sandbox.execution.complete memory_used_bytes=12845056 runtime=python session_id=bec72074-40c7-4d3b-a72a-ac6db3875108 stderr_bytes=0 stderr_truncated=False stdout_bytes=135 stdout_truncated=False success=True

[PASS] python-dateutil test PASSED
Fuel consumed: 1,617,047,365 instructions
Duration: 1574.6ms

[FAIL] python-dateutil test FAILED with exception
Exception: 'charmap' codec can't encode character '\u2713' in position 125: character maps to <undefined>

============================================================
Testing tabulate
============================================================
2025-11-23 12:09:01 [info     ] execution.start                event_type=execution.start fuel_budget=2000000000 guest_data_path=None guest_mount_path=/app inject_setup=True log_message=sandbox.execution.start memory_bytes=128000000 mount_data_dir=None policy={'fuel_budget': 2000000000, 'memory_bytes': 128000000, 'stdout_max_bytes': 2000000, 'stderr_max_bytes': 1000000, 'guest_mount_path': '/app', 'mount_data_dir': None, 'guest_data_path': None, 'preserve_logs': False} preserve_logs=False runtime=python session_id=079f2979-3ce5-4693-9162-a062846d1e42 stderr_max_bytes=1000000 stdout_max_bytes=2000000
2025-11-23 12:09:02 [info     ] session.metadata.updated       event_type=session.metadata.updated log_message=sandbox.session.metadata.updated session_id=079f2979-3ce5-4693-9162-a062846d1e42
2025-11-23 12:09:02 [info     ] execution.complete             duration_ms=1395.7866999553517 event_type=execution.complete exit_code=0 files_created_count=2 files_created_paths=['site-packages\\tabulate\\__pycache__\\__init__.cpython-312.pyc', 'site-packages\\tabulate\\__pycache__\\version.cpython-312.pyc'] files_modified_count=0 files_modified_paths=[] fuel_consumed=1365124262 log_message=sandbox.execution.complete memory_used_bytes=12648448 runtime=python session_id=079f2979-3ce5-4693-9162-a062846d1e42 stderr_bytes=0 stderr_truncated=False stdout_bytes=482 stdout_truncated=False success=True

[PASS] tabulate test PASSED
Fuel consumed: 1,365,124,262 instructions
Duration: 1395.8ms

[FAIL] tabulate test FAILED with exception
Exception: 'charmap' codec can't encode character '\u2713' in position 494: character maps to <undefined>

============================================================
Testing jinja2
============================================================
2025-11-23 12:09:03 [info     ] execution.start                event_type=execution.start fuel_budget=5000000000 guest_data_path=None guest_mount_path=/app inject_setup=True log_message=sandbox.execution.start memory_bytes=128000000 mount_data_dir=None policy={'fuel_budget': 5000000000, 'memory_bytes': 128000000, 'stdout_max_bytes': 2000000, 'stderr_max_bytes': 1000000, 'guest_mount_path': '/app', 'mount_data_dir': None, 'guest_data_path': None, 'preserve_logs': False} preserve_logs=False runtime=python session_id=8f2ca8b6-9341-4183-a585-a1bfbb1c9e65 stderr_max_bytes=1000000 stdout_max_bytes=2000000
2025-11-23 12:09:06 [info     ] session.metadata.updated       event_type=session.metadata.updated log_message=sandbox.session.metadata.updated session_id=8f2ca8b6-9341-4183-a585-a1bfbb1c9e65
2025-11-23 12:09:06 [info     ] execution.complete             duration_ms=2155.2678999723867 event_type=execution.complete exit_code=0 files_created_count=21 files_created_paths=['site-packages\\jinja2\\__pycache__\\__init__.cpython-312.pyc', 'site-packages\\jinja2\\__pycache__\\_identifier.cpython-312.pyc', 'site-packages\\jinja2\\__pycache__\\async_utils.cpython-312.pyc', 'site-packages\\jinja2\\__pycache__\\bccache.cpython-312.pyc', 'site-packages\\jinja2\\__pycache__\\compiler.cpython-312.pyc', 'site-packages\\jinja2\\__pycache__\\defaults.cpython-312.pyc', 'site-packages\\jinja2\\__pycache__\\environment.cpython-312.pyc', 'site-packages\\jinja2\\__pycache__\\exceptions.cpython-312.pyc', 'site-packages\\jinja2\\__pycache__\\filters.cpython-312.pyc', 'site-packages\\jinja2\\__pycache__\\idtracking.cpython-312.pyc', 'site-packages\\jinja2\\__pycache__\\lexer.cpython-312.pyc', 'site-packages\\jinja2\\__pycache__\\loaders.cpython-312.pyc', 'site-packages\\jinja2\\__pycache__\\nodes.cpython-312.pyc', 'site-packages\\jinja2\\__pycache__\\optimizer.cpython-312.pyc', 'site-packages\\jinja2\\__pycache__\\parser.cpython-312.pyc', 'site-packages\\jinja2\\__pycache__\\runtime.cpython-312.pyc', 'site-packages\\jinja2\\__pycache__\\tests.cpython-312.pyc', 'site-packages\\jinja2\\__pycache__\\utils.cpython-312.pyc', 'site-packages\\jinja2\\__pycache__\\visitor.cpython-312.pyc', 'site-packages\\markupsafe\\__pycache__\\__init__.cpython-312.pyc', 'site-packages\\markupsafe\\__pycache__\\_native.cpython-312.pyc'] files_modified_count=0 files_modified_paths=[] fuel_consumed=3940075954 log_message=sandbox.execution.complete memory_used_bytes=16252928 runtime=python session_id=8f2ca8b6-9341-4183-a585-a1bfbb1c9e65 stderr_bytes=0 stderr_truncated=False stdout_bytes=156 stdout_truncated=False success=True

[PASS] jinja2 test PASSED
Fuel consumed: 3,940,075,954 instructions
Duration: 2155.3ms

[FAIL] jinja2 test FAILED with exception
Exception: 'charmap' codec can't encode character '\u2713' in position 166: character maps to <undefined>

============================================================
Testing markdown
============================================================
2025-11-23 12:09:06 [info     ] execution.start                event_type=execution.start fuel_budget=2000000000 guest_data_path=None guest_mount_path=/app inject_setup=True log_message=sandbox.execution.start memory_bytes=128000000 mount_data_dir=None policy={'fuel_budget': 2000000000, 'memory_bytes': 128000000, 'stdout_max_bytes': 2000000, 'stderr_max_bytes': 1000000, 'guest_mount_path': '/app', 'mount_data_dir': None, 'guest_data_path': None, 'preserve_logs': False} preserve_logs=False runtime=python session_id=6c6bcf76-d277-486c-a7c5-05ac839b7897 stderr_max_bytes=1000000 stdout_max_bytes=2000000
2025-11-23 12:09:08 [info     ] session.metadata.updated       event_type=session.metadata.updated log_message=sandbox.session.metadata.updated session_id=6c6bcf76-d277-486c-a7c5-05ac839b7897
2025-11-23 12:09:08 [info     ] execution.complete             duration_ms=1735.9537000302225 event_type=execution.complete exit_code=0 files_created_count=13 files_created_paths=['site-packages\\markdown\\__pycache__\\__init__.cpython-312.pyc', 'site-packages\\markdown\\__pycache__\\__meta__.cpython-312.pyc', 'site-packages\\markdown\\__pycache__\\blockparser.cpython-312.pyc', 'site-packages\\markdown\\__pycache__\\blockprocessors.cpython-312.pyc', 'site-packages\\markdown\\__pycache__\\core.cpython-312.pyc', 'site-packages\\markdown\\__pycache__\\htmlparser.cpython-312.pyc', 'site-packages\\markdown\\__pycache__\\inlinepatterns.cpython-312.pyc', 'site-packages\\markdown\\__pycache__\\postprocessors.cpython-312.pyc', 'site-packages\\markdown\\__pycache__\\preprocessors.cpython-312.pyc', 'site-packages\\markdown\\__pycache__\\serializers.cpython-312.pyc', 'site-packages\\markdown\\__pycache__\\treeprocessors.cpython-312.pyc', 'site-packages\\markdown\\__pycache__\\util.cpython-312.pyc', 'site-packages\\markdown\\extensions\\__pycache__\\__init__.cpython-312.pyc'] files_modified_count=0 files_modified_paths=[] fuel_consumed=1823847590 log_message=sandbox.execution.complete memory_used_bytes=13565952 runtime=python session_id=6c6bcf76-d277-486c-a7c5-05ac839b7897 stderr_bytes=0 stderr_truncated=False stdout_bytes=211 stdout_truncated=False success=True

[PASS] markdown test PASSED
Fuel consumed: 1,823,847,590 instructions
Duration: 1736.0ms

[FAIL] markdown test FAILED with exception
Exception: 'charmap' codec can't encode character '\u2713' in position 214: character maps to <undefined>

============================================================
Testing jsonschema
============================================================
2025-11-23 12:09:09 [info     ] execution.start                event_type=execution.start fuel_budget=2000000000 guest_data_path=None guest_mount_path=/app inject_setup=True log_message=sandbox.execution.start memory_bytes=128000000 mount_data_dir=None policy={'fuel_budget': 2000000000, 'memory_bytes': 128000000, 'stdout_max_bytes': 2000000, 'stderr_max_bytes': 1000000, 'guest_mount_path': '/app', 'mount_data_dir': None, 'guest_data_path': None, 'preserve_logs': False} preserve_logs=False runtime=python session_id=42d75d2b-c159-4a92-bc45-da5cba609e36 stderr_max_bytes=1000000 stdout_max_bytes=2000000
2025-11-23 12:09:11 [info     ] session.metadata.updated       event_type=session.metadata.updated log_message=sandbox.session.metadata.updated session_id=42d75d2b-c159-4a92-bc45-da5cba609e36
2025-11-23 12:09:11 [info     ] execution.complete             duration_ms=1595.3045999631286 event_type=execution.complete exit_code=1 files_created_count=13 files_created_paths=['site-packages\\attr\\__pycache__\\__init__.cpython-312.pyc', 'site-packages\\attr\\__pycache__\\_compat.cpython-312.pyc', 'site-packages\\attr\\__pycache__\\_config.cpython-312.pyc', 'site-packages\\attr\\__pycache__\\_make.cpython-312.pyc', 'site-packages\\attr\\__pycache__\\converters.cpython-312.pyc', 'site-packages\\attr\\__pycache__\\exceptions.cpython-312.pyc', 'site-packages\\attr\\__pycache__\\filters.cpython-312.pyc', 'site-packages\\attr\\__pycache__\\setters.cpython-312.pyc', 'site-packages\\attr\\__pycache__\\validators.cpython-312.pyc', 'site-packages\\attrs\\__pycache__\\__init__.cpython-312.pyc', 'site-packages\\jsonschema\\__pycache__\\__init__.cpython-312.pyc', 'site-packages\\jsonschema\\__pycache__\\_format.cpython-312.pyc', 'site-packages\\jsonschema\\__pycache__\\exceptions.cpython-312.pyc'] files_modified_count=0 files_modified_paths=[] fuel_consumed=2000000000 log_message=sandbox.execution.complete memory_used_bytes=15597568 runtime=python session_id=42d75d2b-c159-4a92-bc45-da5cba609e36 stderr_bytes=28 stderr_truncated=False stdout_bytes=0 stdout_truncated=False success=False trap_reason=out_of_fuel

[FAIL] jsonschema test FAILED
Error: Execution trapped: OutOfFuel

============================================================
Testing tomli
============================================================
2025-11-23 12:09:12 [info     ] execution.start                event_type=execution.start fuel_budget=2000000000 guest_data_path=None guest_mount_path=/app inject_setup=True log_message=sandbox.execution.start memory_bytes=128000000 mount_data_dir=None policy={'fuel_budget': 2000000000, 'memory_bytes': 128000000, 'stdout_max_bytes': 2000000, 'stderr_max_bytes': 1000000, 'guest_mount_path': '/app', 'mount_data_dir': None, 'guest_data_path': None, 'preserve_logs': False} preserve_logs=False runtime=python session_id=0eaedff1-7cc7-485f-86ab-16d54894f7f3 stderr_max_bytes=1000000 stdout_max_bytes=2000000
2025-11-23 12:09:14 [info     ] session.metadata.updated       event_type=session.metadata.updated log_message=sandbox.session.metadata.updated session_id=0eaedff1-7cc7-485f-86ab-16d54894f7f3
2025-11-23 12:09:14 [info     ] execution.complete             duration_ms=1310.9738000202924 event_type=execution.complete exit_code=0 files_created_count=0 files_created_paths=[] files_modified_count=0 files_modified_paths=[] fuel_consumed=731424374 log_message=sandbox.execution.complete memory_used_bytes=11075584 runtime=python session_id=0eaedff1-7cc7-485f-86ab-16d54894f7f3 stderr_bytes=0 stderr_truncated=False stdout_bytes=178 stdout_truncated=False success=True

[PASS] tomli test PASSED
Fuel consumed: 731,424,374 instructions
Duration: 1311.0ms

[FAIL] tomli test FAILED with exception
Exception: 'charmap' codec can't encode character '\u2713' in position 180: character maps to <undefined>

============================================================
TEST SUMMARY
============================================================
[FAIL]: python-dateutil
[FAIL]: tabulate
[FAIL]: jinja2
[FAIL]: markdown
[FAIL]: jsonschema
[FAIL]: tomli

Total: 0/6 packages passed

6 package(s) failed
